{"D:\\TypescriptProjects\\react-typescript-demo\\src\\App.tsx": {"path":"D:\\TypescriptProjects\\react-typescript-demo\\src\\App.tsx","statementMap":{"0":{"start":{"line":2,"column":0},"end":{"line":2,"column":45}},"1":{"start":{"line":4,"column":2},"end":{"line":8,"column":4}},"2":{"start":{"line":11,"column":0},"end":{"line":11,"column":19}}},"fnMap":{"0":{"name":"App","decl":{"start":{"line":3,"column":9},"end":{"line":3,"column":12}},"loc":{"start":{"line":3,"column":12},"end":{"line":9,"column":1}}}},"branchMap":{},"s":{"0":0,"1":0,"2":0},"f":{"0":0},"b":{}}
,"D:\\TypescriptProjects\\react-typescript-demo\\src\\index.tsx": {"path":"D:\\TypescriptProjects\\react-typescript-demo\\src\\index.tsx","statementMap":{"0":{"start":{"line":20,"column":0},"end":{"line":20,"column":40}},"1":{"start":{"line":21,"column":0},"end":{"line":21,"column":21}},"2":{"start":{"line":22,"column":0},"end":{"line":22,"column":24}},"3":{"start":{"line":23,"column":0},"end":{"line":23,"column":48}},"4":{"start":{"line":24,"column":0},"end":{"line":24,"column":67}},"5":{"start":{"line":25,"column":0},"end":{"line":25,"column":43}},"6":{"start":{"line":26,"column":13},"end":{"line":26,"column":80}},"7":{"start":{"line":27,"column":14},"end":{"line":34,"column":2}},"8":{"start":{"line":35,"column":0},"end":{"line":40,"column":2}},"9":{"start":{"line":42,"column":0},"end":{"line":42,"column":18}}},"fnMap":{},"branchMap":{},"s":{"0":0,"1":0,"2":0,"3":0,"4":0,"5":0,"6":0,"7":0,"8":0,"9":0},"f":{},"b":{}}
,"D:\\TypescriptProjects\\react-typescript-demo\\src\\react-app-env.d.ts": {"path":"D:\\TypescriptProjects\\react-typescript-demo\\src\\react-app-env.d.ts","statementMap":{},"fnMap":{},"branchMap":{},"s":{},"f":{},"b":{}}
,"D:\\TypescriptProjects\\react-typescript-demo\\src\\reportWebVitals.ts": {"path":"D:\\TypescriptProjects\\react-typescript-demo\\src\\reportWebVitals.ts","statementMap":{"0":{"start":{"line":3,"column":24},"end":{"line":13,"column":1}},"1":{"start":{"line":4,"column":2},"end":{"line":12,"column":null}},"2":{"start":{"line":5,"column":4},"end":{"line":11,"column":7}},"3":{"start":{"line":5,"column":4},"end":{"line":5,"column":25}},"4":{"start":{"line":5,"column":39},"end":{"line":5,"column":41}},"5":{"start":{"line":5,"column":47},"end":{"line":5,"column":49}},"6":{"start":{"line":5,"column":55},"end":{"line":5,"column":57}},"7":{"start":{"line":5,"column":63},"end":{"line":5,"column":65}},"8":{"start":{"line":5,"column":72},"end":{"line":5,"column":74}},"9":{"start":{"line":6,"column":6},"end":{"line":6,"column":26}},"10":{"start":{"line":7,"column":6},"end":{"line":7,"column":26}},"11":{"start":{"line":8,"column":6},"end":{"line":8,"column":26}},"12":{"start":{"line":9,"column":6},"end":{"line":9,"column":26}},"13":{"start":{"line":10,"column":6},"end":{"line":10,"column":27}},"14":{"start":{"line":15,"column":0},"end":{"line":15,"column":31}}},"fnMap":{"0":{"name":"(anonymous_6)","decl":{"start":{"line":3,"column":24},"end":{"line":3,"column":25}},"loc":{"start":{"line":3,"column":52},"end":{"line":13,"column":1}}},"1":{"name":"(anonymous_7)","decl":{"start":{"line":5,"column":4},"end":{"line":5,"column":11}},"loc":{"start":{"line":5,"column":4},"end":{"line":5,"column":25}}},"2":{"name":"(anonymous_8)","decl":{"start":{"line":5,"column":30},"end":{"line":5,"column":31}},"loc":{"start":{"line":5,"column":74},"end":{"line":11,"column":5}}}},"branchMap":{"0":{"loc":{"start":{"line":4,"column":2},"end":{"line":12,"column":null}},"type":"if","locations":[{"start":{"line":4,"column":2},"end":{"line":12,"column":null}}]},"1":{"loc":{"start":{"line":4,"column":6},"end":{"line":4,"column":52}},"type":"binary-expr","locations":[{"start":{"line":4,"column":6},"end":{"line":4,"column":17}},{"start":{"line":4,"column":21},"end":{"line":4,"column":52}}]}},"s":{"0":0,"1":0,"2":0,"3":0,"4":0,"5":0,"6":0,"7":0,"8":0,"9":0,"10":0,"11":0,"12":0,"13":0,"14":0},"f":{"0":0,"1":0,"2":0},"b":{"0":[0],"1":[0,0]}}
,"D:\\TypescriptProjects\\react-typescript-demo\\src\\components\\UserForm.tsx": {"path":"D:\\TypescriptProjects\\react-typescript-demo\\src\\components\\UserForm.tsx","statementMap":{"0":{"start":{"line":1,"column":0},"end":{"line":1,"column":54}},"1":{"start":{"line":2,"column":0},"end":{"line":2,"column":null}},"2":{"start":{"line":18,"column":0},"end":{"line":18,"column":50}},"3":{"start":{"line":18,"column":23},"end":{"line":18,"column":32}},"4":{"start":{"line":20,"column":4},"end":{"line":20,"column":null}},"5":{"start":{"line":29,"column":2},"end":{"line":34,"column":4}},"6":{"start":{"line":31,"column":28},"end":{"line":31,"column":40}},"7":{"start":{"line":31,"column":16},"end":{"line":31,"column":18}},"8":{"start":{"line":31,"column":23},"end":{"line":31,"column":28}},"9":{"start":{"line":33,"column":7},"end":{"line":33,"column":148}},"10":{"start":{"line":33,"column":36},"end":{"line":33,"column":147}},"11":{"start":{"line":35,"column":2},"end":{"line":46,"column":null}},"12":{"start":{"line":36,"column":52},"end":{"line":36,"column":54}},"13":{"start":{"line":37,"column":4},"end":{"line":43,"column":null}},"14":{"start":{"line":38,"column":6},"end":{"line":42,"column":null}},"15":{"start":{"line":39,"column":8},"end":{"line":39,"column":48}},"16":{"start":{"line":41,"column":8},"end":{"line":41,"column":26}},"17":{"start":{"line":45,"column":4},"end":{"line":45,"column":18}},"18":{"start":{"line":47,"column":2},"end":{"line":65,"column":4}},"19":{"start":{"line":49,"column":26},"end":{"line":49,"column":37}},"20":{"start":{"line":52,"column":16},"end":{"line":54,"column":null}},"21":{"start":{"line":57,"column":4},"end":{"line":60,"column":null}},"22":{"start":{"line":57,"column":46},"end":{"line":57,"column":59}},"23":{"start":{"line":58,"column":6},"end":{"line":58,"column":32}},"24":{"start":{"line":59,"column":6},"end":{"line":59,"column":13}},"25":{"start":{"line":63,"column":4},"end":{"line":63,"column":46}},"26":{"start":{"line":21,"column":4},"end":{"line":26,"column":6}},"27":{"start":{"line":67,"column":2},"end":{"line":140,"column":4}},"28":{"start":{"line":67,"column":2},"end":{"line":67,"column":8}},"29":{"start":{"line":68,"column":21},"end":{"line":68,"column":32}},"30":{"start":{"line":69,"column":4},"end":{"line":139,"column":6}},"31":{"start":{"line":130,"column":32},"end":{"line":130,"column":null}},"32":{"start":{"line":141,"column":0},"end":{"line":141,"column":2}},"33":{"start":{"line":142,"column":0},"end":{"line":142,"column":24}}},"fnMap":{"0":{"name":"(anonymous_8)","decl":{"start":{"line":18,"column":0},"end":{"line":18,"column":23}},"loc":{"start":{"line":18,"column":0},"end":{"line":141,"column":1}}},"1":{"name":"UserForm","decl":{"start":{"line":19,"column":2},"end":{"line":19,"column":14}},"loc":{"start":{"line":19,"column":23},"end":{"line":27,"column":3}}},"2":{"name":"(anonymous_10)","decl":{"start":{"line":29,"column":22},"end":{"line":29,"column":23}},"loc":{"start":{"line":29,"column":59},"end":{"line":34,"column":3}}},"3":{"name":"(anonymous_11)","decl":{"start":{"line":33,"column":21},"end":{"line":33,"column":22}},"loc":{"start":{"line":33,"column":31},"end":{"line":33,"column":38}}},"4":{"name":"(anonymous_12)","decl":{"start":{"line":35,"column":18},"end":{"line":35,"column":19}},"loc":{"start":{"line":35,"column":46},"end":{"line":46,"column":3}}},"5":{"name":"(anonymous_13)","decl":{"start":{"line":47,"column":22},"end":{"line":47,"column":null}},"loc":{"start":{"line":47,"column":22},"end":{"line":65,"column":3}}},"6":{"name":"(anonymous_14)","decl":{"start":{"line":57,"column":35},"end":{"line":57,"column":36}},"loc":{"start":{"line":57,"column":41},"end":{"line":57,"column":51}}},"7":{"name":"(anonymous_15)","decl":{"start":{"line":67,"column":2},"end":{"line":67,"column":8}},"loc":{"start":{"line":67,"column":2},"end":{"line":140,"column":3}}},"8":{"name":"(anonymous_16)","decl":{"start":{"line":130,"column":26},"end":{"line":130,"column":32}},"loc":{"start":{"line":130,"column":26},"end":{"line":130,"column":36}}}},"branchMap":{"0":{"loc":{"start":{"line":20,"column":4},"end":{"line":20,"column":null}},"type":"binary-expr","locations":[{"start":{"line":20,"column":4},"end":{"line":20,"column":16}},{"start":{"line":20,"column":16},"end":{"line":20,"column":null}}]},"1":{"loc":{"start":{"line":37,"column":4},"end":{"line":43,"column":null}},"type":"if","locations":[{"start":{"line":37,"column":4},"end":{"line":43,"column":null}}]},"2":{"loc":{"start":{"line":38,"column":6},"end":{"line":42,"column":null}},"type":"if","locations":[{"start":{"line":38,"column":6},"end":{"line":42,"column":null}},{"start":{"line":40,"column":13},"end":{"line":42,"column":null}}]},"3":{"loc":{"start":{"line":57,"column":4},"end":{"line":60,"column":null}},"type":"if","locations":[{"start":{"line":57,"column":4},"end":{"line":60,"column":null}}]}},"s":{"0":1,"1":1,"2":1,"3":1,"4":2,"5":2,"6":2,"7":2,"8":2,"9":2,"10":2,"11":2,"12":2,"13":2,"14":2,"15":1,"16":1,"17":2,"18":2,"19":2,"20":2,"21":2,"22":2,"23":1,"24":1,"25":1,"26":2,"27":1,"28":6,"29":6,"30":6,"31":2,"32":1,"33":1},"f":{"0":1,"1":2,"2":2,"3":2,"4":2,"5":2,"6":2,"7":6,"8":2},"b":{"0":[2,2],"1":[2],"2":[1,1],"3":[1]}}
}
