TN:
SF:src\App.tsx
FN:3,App
FNF:1
FNH:0
FNDA:0,App
DA:2,0
DA:4,0
DA:11,0
LF:3
LH:0
BRF:0
BRH:0
end_of_record
TN:
SF:src\index.tsx
FNF:0
FNH:0
DA:20,0
DA:21,0
DA:22,0
DA:23,0
DA:24,0
DA:25,0
DA:26,0
DA:27,0
DA:35,0
DA:42,0
LF:10
LH:0
BRF:0
BRH:0
end_of_record
TN:
SF:src\react-app-env.d.ts
FNF:0
FNH:0
LF:0
LH:0
BRF:0
BRH:0
end_of_record
TN:
SF:src\reportWebVitals.ts
FN:3,(anonymous_6)
FN:5,(anonymous_7)
FN:5,(anonymous_8)
FNF:3
FNH:0
FNDA:0,(anonymous_6)
FNDA:0,(anonymous_7)
FNDA:0,(anonymous_8)
DA:3,0
DA:4,0
DA:5,0
DA:6,0
DA:7,0
DA:8,0
DA:9,0
DA:10,0
DA:15,0
LF:9
LH:0
BRDA:4,0,0,0
BRDA:4,1,0,0
BRDA:4,1,1,0
BRF:3
BRH:0
end_of_record
TN:
SF:src\components\UserForm.tsx
FN:18,(anonymous_8)
FN:19,UserForm
FN:29,(anonymous_10)
FN:33,(anonymous_11)
FN:35,(anonymous_12)
FN:47,(anonymous_13)
FN:57,(anonymous_14)
FN:67,(anonymous_15)
FN:130,(anonymous_16)
FNF:9
FNH:9
FNDA:1,(anonymous_8)
FNDA:2,UserForm
FNDA:2,(anonymous_10)
FNDA:2,(anonymous_11)
FNDA:2,(anonymous_12)
FNDA:2,(anonymous_13)
FNDA:2,(anonymous_14)
FNDA:6,(anonymous_15)
FNDA:2,(anonymous_16)
DA:1,1
DA:2,1
DA:18,1
DA:20,2
DA:21,2
DA:29,2
DA:31,2
DA:33,2
DA:35,2
DA:36,2
DA:37,2
DA:38,2
DA:39,1
DA:41,1
DA:45,2
DA:47,2
DA:49,2
DA:52,2
DA:57,2
DA:58,1
DA:59,1
DA:63,1
DA:67,6
DA:68,6
DA:69,6
DA:130,2
DA:141,1
DA:142,1
LF:28
LH:28
BRDA:20,0,0,2
BRDA:20,0,1,2
BRDA:37,1,0,2
BRDA:38,2,0,1
BRDA:38,2,1,1
BRDA:57,3,0,1
BRF:6
BRH:6
end_of_record
